<?xml version="1.0" encoding="UTF-8"?>
<!-- Generated by org.testng.reporters.JUnitReportReporter -->
<testsuite hostname="WLPT837" failures="0" tests="1" name="testCases.TC_002_LoginPageTest" time="2.933" errors="0" timestamp="2023-02-07T20:40:26 IST" skipped="0">
  <testcase classname="testCases.TC_002_LoginPageTest" name="LoginPage" time="2.933"/>
  <system-out/>
</testsuite> <!-- testCases.TC_002_LoginPageTest -->
